2023-08-01 00:07:14 INFO Adding job tentatively -- it will be properly scheduled when the scheduler starts
2023-08-01 00:07:14 INFO Adding job tentatively -- it will be properly scheduled when the scheduler starts
2023-08-01 00:07:14 INFO Added job "morning_not" to job store "default"
2023-08-01 00:07:14 INFO Added job "evening_not" to job store "default"
2023-08-01 00:07:14 INFO Scheduler started
2023-08-01 00:07:14 INFO [31m[1mWARNING: This is a development server. Do not use it in a production deployment. Use a production WSGI server instead.[0m
 * Running on http://127.0.0.1:5000
2023-08-01 00:07:14 INFO [33mPress CTRL+C to quit[0m
2023-08-01 00:08:00 INFO Running job "evening_not (trigger: cron[day_of_week='mon-sun', hour='0', minute='8'], next run at: 2023-08-01 00:08:00 IDT)" (scheduled at 2023-08-01 00:08:00+03:00)
2023-08-01 00:08:00 INFO Sending eve note. The time is: 2023-08-01 00:08:00.011197
2023-08-01 00:08:14 INFO the message is: Don't Forget to Update Your Nutrition Diary Today!
2023-08-01 00:08:14 INFO Successfully sent message
2023-08-01 00:08:14 INFO Job "evening_not (trigger: cron[day_of_week='mon-sun', hour='0', minute='8'], next run at: 2023-08-02 00:08:00 IDT)" executed successfully
2023-08-01 00:11:24 INFO Adding job tentatively -- it will be properly scheduled when the scheduler starts
2023-08-01 00:11:24 INFO Adding job tentatively -- it will be properly scheduled when the scheduler starts
2023-08-01 00:11:24 INFO Added job "morning_not" to job store "default"
2023-08-01 00:11:24 INFO Added job "evening_not" to job store "default"
2023-08-01 00:11:24 INFO Scheduler started
2023-08-01 00:11:24 INFO [31m[1mWARNING: This is a development server. Do not use it in a production deployment. Use a production WSGI server instead.[0m
 * Running on http://127.0.0.1:5000
2023-08-01 00:11:24 INFO [33mPress CTRL+C to quit[0m
2023-08-01 00:12:00 INFO Running job "evening_not (trigger: cron[day_of_week='mon-sun', hour='0', minute='12'], next run at: 2023-08-01 00:12:00 IDT)" (scheduled at 2023-08-01 00:12:00+03:00)
2023-08-01 00:12:00 INFO Sending eve note. The time is: 2023-08-01 00:12:00.013038
2023-08-01 00:12:15 INFO the message is: Don't Forget to Update Your Nutrition Diary Today!
2023-08-01 00:12:16 INFO Successfully sent message
2023-08-01 00:12:16 INFO Job "evening_not (trigger: cron[day_of_week='mon-sun', hour='0', minute='12'], next run at: 2023-08-02 00:12:00 IDT)" executed successfully
2023-08-01 00:13:54 INFO Adding job tentatively -- it will be properly scheduled when the scheduler starts
2023-08-01 00:13:54 INFO Adding job tentatively -- it will be properly scheduled when the scheduler starts
2023-08-01 00:13:54 INFO Added job "morning_not" to job store "default"
2023-08-01 00:13:54 INFO Added job "evening_not" to job store "default"
2023-08-01 00:13:54 INFO Scheduler started
2023-08-01 00:13:54 INFO [31m[1mWARNING: This is a development server. Do not use it in a production deployment. Use a production WSGI server instead.[0m
 * Running on http://127.0.0.1:5000
2023-08-01 00:13:54 INFO [33mPress CTRL+C to quit[0m
2023-08-01 00:14:07 INFO Adding job tentatively -- it will be properly scheduled when the scheduler starts
2023-08-01 00:14:07 INFO Adding job tentatively -- it will be properly scheduled when the scheduler starts
2023-08-01 00:14:07 INFO Added job "morning_not" to job store "default"
2023-08-01 00:14:07 INFO Added job "evening_not" to job store "default"
2023-08-01 00:14:07 INFO Scheduler started
2023-08-01 00:14:07 INFO [31m[1mWARNING: This is a development server. Do not use it in a production deployment. Use a production WSGI server instead.[0m
 * Running on http://127.0.0.1:5000
2023-08-01 00:14:07 INFO [33mPress CTRL+C to quit[0m
2023-08-01 00:15:00 INFO Running job "evening_not (trigger: cron[day_of_week='mon-sun', hour='0', minute='15'], next run at: 2023-08-01 00:15:00 IDT)" (scheduled at 2023-08-01 00:15:00+03:00)
2023-08-01 00:15:00 INFO Sending eve note. The time is: 2023-08-01 00:15:00.021562
2023-08-01 00:15:13 INFO the message is: Don't Forget to Update Your Nutrition Diary Today!
2023-08-01 00:15:14 INFO Successfully sent message
2023-08-01 00:15:14 INFO Job "evening_not (trigger: cron[day_of_week='mon-sun', hour='0', minute='15'], next run at: 2023-08-02 00:15:00 IDT)" executed successfully
